\BOOKMARK [1][-]{section.1}{\376\377\137\025\212\000}{}% 1
\BOOKMARK [1][-]{section.2}{\376\377\145\207\163\056\176\374\217\360\116\016\170\024\172\166\120\107\213\364}{}% 2
\BOOKMARK [2][-]{subsection.2.1}{\376\377\171\321\142\200\116\247\124\301\123\321\136\003\116\016\142\200\147\057\122\033\145\260\116\213\116\366\170\024\172\166}{section.2}% 3
\BOOKMARK [2][-]{subsection.2.2}{\376\377\000A\000I\060\001\165\037\142\020\137\017\000A\000I\116\016\221\321\207\215\136\002\127\072}{section.2}% 4
\BOOKMARK [2][-]{subsection.2.3}{\376\377\116\247\116\032\224\376\131\026\156\242\060\001\136\163\123\360\165\037\140\001\116\016\137\000\156\220\142\200\147\057\142\151\145\143}{section.2}% 5
\BOOKMARK [2][-]{subsection.2.4}{\376\377\170\024\172\166\120\107\213\364}{section.2}% 6
\BOOKMARK [1][-]{section.3}{\376\377\170\024\172\166\213\276\213\241}{}% 7
\BOOKMARK [2][-]{subsection.3.1}{\376\377\150\067\147\054\220\011\142\351\116\016\145\160\143\156\147\145\156\220}{section.3}% 8
\BOOKMARK [2][-]{subsection.3.2}{\376\377\165\037\140\001\117\115\177\156\123\330\221\317\166\204\177\026\170\001\145\271\154\325}{section.3}% 9
\BOOKMARK [2][-]{subsection.3.3}{\376\377\123\330\221\317\133\232\116\111}{section.3}% 10
\BOOKMARK [2][-]{subsection.3.4}{\376\377\152\041\127\213\213\276\133\232}{section.3}% 11
\BOOKMARK [1][-]{section.4}{\376\377\133\236\213\301\176\323\147\234}{}% 12
\BOOKMARK [2][-]{subsection.4.1}{\376\377\127\372\121\306\117\115\177\156\145\110\136\224}{section.4}% 13
\BOOKMARK [2][-]{subsection.4.2}{\376\377\124\010\136\166\117\115\177\156\176\304\150\300\232\214}{section.4}% 14
\BOOKMARK [2][-]{subsection.4.3}{\376\377\200\124\124\010\126\336\137\122\377\032\143\247\122\066\117\115\177\156\116\244\123\340}{section.4}% 15
\BOOKMARK [2][-]{subsection.4.4}{\376\377\137\000\156\220\116\016\225\355\156\220\137\002\215\050\140\047}{section.4}% 16
\BOOKMARK [1][-]{section.5}{\376\377\172\063\120\145\140\047\150\300\232\214}{}% 17
\BOOKMARK [2][-]{subsection.5.1}{\376\377\143\247\122\066\152\041\127\213\200\375\122\233\143\007\150\007}{section.5}% 18
\BOOKMARK [2][-]{subsection.5.2}{\376\377\116\012\156\070\170\154\116\366\116\016\116\221\147\015\122\241\135\356\137\002\166\204\153\143\137\017\150\300\232\214}{section.5}% 19
\BOOKMARK [2][-]{subsection.5.3}{\376\377\150\070\137\303\123\330\221\317\121\150\172\227\123\343\121\150\145\271\154\325\172\063\120\145\140\047}{section.5}% 20
\BOOKMARK [2][-]{subsection.5.4}{\376\377\122\124\226\144\147\201\172\357\116\213\116\366\116\016\220\020\116\000\122\124\226\144\122\006\147\220}{section.5}% 21
\BOOKMARK [2][-]{subsection.5.5}{\376\377\000W\000i\000l\000d\000\040\000B\000o\000o\000t\000s\000t\000r\000a\000p\121\150\210\150\210\145\121\105\143\250\145\255}{section.5}% 22
\BOOKMARK [1][-]{section.6}{\376\377\217\333\116\000\153\145\122\006\147\220\116\016\147\072\122\066\213\250\213\272}{}% 23
\BOOKMARK [2][-]{subsection.6.1}{\376\377\116\072\117\125\123\352\147\011\116\013\156\070\220\350\177\162\127\213\377\010\000R\0004\377\011\146\076\204\127\116\072\215\037}{section.6}% 24
\BOOKMARK [2][-]{subsection.6.2}{\376\377\137\000\225\355\156\220\214\003\202\202\166\204\176\317\155\116\147\072\122\066}{section.6}% 25
\BOOKMARK [2][-]{subsection.6.3}{\376\377\116\012\156\070\170\154\116\366\145\110\136\224\166\204\213\301\143\156\137\072\136\246\213\304\117\060}{section.6}% 26
\BOOKMARK [1][-]{section.7}{\376\377\176\323\213\272}{}% 27
